"QUERY PLAN"
"Limit  (cost=1555.86..1555.87 rows=1 width=57) (actual time=4.221..4.222 rows=1 loops=1)"
"  ->  Sort  (cost=1555.86..1555.93 rows=28 width=57) (actual time=4.221..4.221 rows=1 loops=1)"
"        Sort Key: (count(bomb_damage_assessment)) DESC"
"        Sort Method: top-N heapsort  Memory: 25kB"
"        ->  GroupAggregate  (cost=1555.09..1555.72 rows=28 width=57) (actual time=4.205..4.215 rows=21 loops=1)"
"              Group Key: target_country, bomb_damage_assessment"
"              ->  Sort  (cost=1555.09..1555.16 rows=28 width=41) (actual time=4.200..4.201 rows=32 loops=1)"
"                    Sort Key: target_country, bomb_damage_assessment"
"                    Sort Method: quicksort  Memory: 26kB"
"                    ->  Index Only Scan using idx_mission_performance on mission  (cost=0.42..1554.42 rows=28 width=41) (actual time=0.025..4.128 rows=32 loops=1)"
"                          Index Cond: ((airborne_aircraft > '5'::numeric) AND (bomb_damage_assessment IS NOT NULL))"
"                          Heap Fetches: 0"
"Planning Time: 0.417 ms"
"Execution Time: 4.247 ms"
