"QUERY PLAN"
"Limit  (cost=5784.49..5784.49 rows=1 width=57) (actual time=41.273..45.555 rows=1 loops=1)"
"  ->  Sort  (cost=5784.49..5784.56 rows=28 width=57) (actual time=41.272..45.553 rows=1 loops=1)"
"        Sort Key: (count(bomb_damage_assessment)) DESC"
"        Sort Method: top-N heapsort  Memory: 25kB"
"        ->  Finalize GroupAggregate  (cost=5780.79..5784.35 rows=28 width=57) (actual time=41.231..45.542 rows=21 loops=1)"
"              Group Key: target_country, bomb_damage_assessment"
"              ->  Gather Merge  (cost=5780.79..5783.83 rows=24 width=57) (actual time=41.221..45.526 rows=26 loops=1)"
"                    Workers Planned: 2"
"                    Workers Launched: 2"
"                    ->  Partial GroupAggregate  (cost=4780.76..4781.03 rows=12 width=57) (actual time=20.555..20.562 rows=9 loops=3)"
"                          Group Key: target_country, bomb_damage_assessment"
"                          ->  Sort  (cost=4780.76..4780.79 rows=12 width=41) (actual time=20.547..20.548 rows=11 loops=3)"
"                                Sort Key: target_country, bomb_damage_assessment"
"                                Sort Method: quicksort  Memory: 25kB"
"                                Worker 0:  Sort Method: quicksort  Memory: 25kB"
"                                Worker 1:  Sort Method: quicksort  Memory: 25kB"
"                                ->  Parallel Seq Scan on mission  (cost=0.00..4780.55 rows=12 width=41) (actual time=12.778..20.440 rows=11 loops=3)"
"                                      Filter: ((bomb_damage_assessment IS NOT NULL) AND (airborne_aircraft > '5'::numeric))"
"                                      Rows Removed by Filter: 59416"
"Planning Time: 0.436 ms"
"Execution Time: 45.623 ms"
