"QUERY PLAN"
"Limit  (cost=5983.08..5983.08 rows=1 width=13) (actual time=51.119..52.766 rows=1 loops=1)"
"  ->  Sort  (cost=5983.08..5983.12 rows=16 width=13) (actual time=51.118..52.764 rows=1 loops=1)"
"        Sort Key: (count(*)) DESC"
"        Sort Method: top-N heapsort  Memory: 25kB"
"        ->  Finalize GroupAggregate  (cost=5976.85..5983.00 rows=16 width=13) (actual time=49.061..52.749 rows=12 loops=1)"
"              Group Key: air_force"
"              ->  Gather Merge  (cost=5976.85..5982.68 rows=32 width=13) (actual time=49.036..52.711 rows=34 loops=1)"
"                    Workers Planned: 2"
"                    Workers Launched: 2"
"                    ->  Partial GroupAggregate  (cost=4976.83..4978.96 rows=16 width=13) (actual time=24.971..26.035 rows=11 loops=3)"
"                          Group Key: air_force"
"                          ->  Sort  (cost=4976.83..4977.48 rows=263 width=5) (actual time=24.872..25.195 rows=5875 loops=3)"
"                                Sort Key: air_force"
"                                Sort Method: quicksort  Memory: 385kB"
"                                Worker 0:  Sort Method: quicksort  Memory: 97kB"
"                                Worker 1:  Sort Method: quicksort  Memory: 97kB"
"                                ->  Parallel Seq Scan on mission  (cost=0.00..4966.26 rows=263 width=5) (actual time=0.102..20.807 rows=5875 loops=3)"
"                                      Filter: ((air_force IS NOT NULL) AND (EXTRACT(year FROM mission_date) = '1943'::numeric))"
"                                      Rows Removed by Filter: 53552"
"Planning Time: 0.135 ms"
"Execution Time: 52.928 ms"
